生成启动时间为 2015/12/24 9:27:49。
     1>项目“F:\qt\xdProject\src\AllLib.vcxproj”在节点 2 上(Build 个目标)。
     1>ClCompile:
         C:\Program Files (x86)\Microsoft Visual Studio 12.0\VC\bin\CL.exe /c /I. /I. /ID:\qt\qt5.5.0\5.5\msvc2013\include /ID:\qt\qt5.5.0\5.5\msvc2013\include\QtGui /ID:\qt\qt5.5.0\5.5\msvc2013\include\QtANGLE /ID:\qt\qt5.5.0\5.5\msvc2013\include\QtCore /Idebug /I"D:\qt\qt5.5.0\5.5\msvc2013\mkspecs\win32-msvc2013" /Zi /nologo /W3 /WX- /Od /Oy- /D _WINDOWS /D UNICODE /D WIN32 /D QT_GUI_LIB /D QT_CORE_LIB /Gm- /EHsc /MDd /GS /fp:precise /Zc:wchar_t /Zc:forScope /GR /Fo"Win32\Debug\\" /Fd"Win32\Debug\vc120.pdb" /Gd /TP /analyze- /errorReport:prompt -w34100 -w34189 -w44996 xdlib\readSlice.cpp
         readSlice.cpp
     1>f:\qt\xdproject\src\xdlib\polygon.h(76): warning C4100: “t”: 未引用的形参
     1>f:\qt\xdproject\src\xdlib\polygon.h(117): warning C4100: “polygon_set”: 未引用的形参
     1>f:\qt\xdproject\src\xdlib\polygon.h(118): warning C4100: “polygon_set”: 未引用的形参
     1>f:\qt\xdproject\src\xdlib\exPolygon.h(71): warning C4100: “t”: 未引用的形参
     1>f:\qt\xdproject\src\xdlib\exPolygon.h(136): warning C4100: “polygon_set”: 未引用的形参
     1>f:\qt\xdproject\src\xdlib\exPolygon.h(137): warning C4100: “polygon_set”: 未引用的形参
     1>xdlib\readSlice.cpp(446): warning C4189: “tem”: 局部变量已初始化但不引用
     1>xdlib\readSlice.cpp(1069): warning C4305: “/=”: 从“double”到“float”截断
     1>xdlib\readSlice.cpp(1070): warning C4305: “/=”: 从“double”到“float”截断
     1>xdlib\readSlice.cpp(1071): warning C4305: “/=”: 从“double”到“float”截断
       Lib:
         C:\Program Files (x86)\Microsoft Visual Studio 12.0\VC\bin\Lib.exe /OUT:"..\bin\\AllLib.lib" /NOLOGO Win32\Debug\advancing_front.obj
         Win32\Debug\boundingBox.obj
         Win32\Debug\cdt.obj
         Win32\Debug\clipper.obj
         Win32\Debug\config.obj
         Win32\Debug\connect.obj
         Win32\Debug\detectBridge.obj
         Win32\Debug\encapsulationClipper.obj
         Win32\Debug\exPolygon.obj
         Win32\Debug\exPolygonGather.obj
         Win32\Debug\geometry.obj
         Win32\Debug\line.obj
         Win32\Debug\multiPoint.obj
         Win32\Debug\normals.obj
         Win32\Debug\planMotion.obj
         Win32\Debug\point.obj
         Win32\Debug\polygon.obj
         Win32\Debug\polyline.obj
         Win32\Debug\polylineGather.obj
         Win32\Debug\polypartition.obj
         Win32\Debug\printconfig.obj
         Win32\Debug\readSlice.obj
         Win32\Debug\shapes.obj
         Win32\Debug\shared.obj
         Win32\Debug\stl_io.obj
         Win32\Debug\stlinit.obj
         Win32\Debug\surface.obj
         Win32\Debug\surfaceGather.obj
         Win32\Debug\sweep.obj
         Win32\Debug\sweep_context.obj
         Win32\Debug\util.obj
         AllLib.vcxproj -> F:\qt\xdProject\src\..\bin\AllLib.lib
     1>已完成生成项目“F:\qt\xdProject\src\AllLib.vcxproj”(Build 个目标)的操作。

生成成功。

已用时间 00:00:05.08
